.\Release\KernelMonitorv1.bsc
C:\code\c-c++\distributeAgilor\server\.\Release\KernelMonitorv1.exe
C:\code\c-c++\distributeAgilor\server\.\Release\KernelMonitorv1.exe.intermediate.manifest
C:\CODE\C-C++\DISTRIBUTEAGILOR\SERVER\RELEASE\BASEGETVALUEENTITY.OBJ
C:\CODE\C-C++\DISTRIBUTEAGILOR\SERVER\RELEASE\BASEGETVALUEENTITY.SBR
C:\CODE\C-C++\DISTRIBUTEAGILOR\SERVER\RELEASE\BASEOBJECT.OBJ
C:\CODE\C-C++\DISTRIBUTEAGILOR\SERVER\RELEASE\BASEOBJECT.SBR
C:\CODE\C-C++\DISTRIBUTEAGILOR\SERVER\RELEASE\BASESOCKET.OBJ
C:\CODE\C-C++\DISTRIBUTEAGILOR\SERVER\RELEASE\BASESOCKET.SBR
C:\CODE\C-C++\DISTRIBUTEAGILOR\SERVER\RELEASE\BASESOCKETRECEIVETHREAD.OBJ
C:\CODE\C-C++\DISTRIBUTEAGILOR\SERVER\RELEASE\BASESOCKETRECEIVETHREAD.SBR
C:\CODE\C-C++\DISTRIBUTEAGILOR\SERVER\RELEASE\BASESOCKETSENDTHREAD.OBJ
C:\CODE\C-C++\DISTRIBUTEAGILOR\SERVER\RELEASE\BASESOCKETSENDTHREAD.SBR
C:\CODE\C-C++\DISTRIBUTEAGILOR\SERVER\RELEASE\BASETHREAD.OBJ
C:\CODE\C-C++\DISTRIBUTEAGILOR\SERVER\RELEASE\BASETHREAD.SBR
C:\CODE\C-C++\DISTRIBUTEAGILOR\SERVER\RELEASE\BASETYPE.OBJ
C:\CODE\C-C++\DISTRIBUTEAGILOR\SERVER\RELEASE\BASETYPE.SBR
C:\code\c-c++\distributeAgilor\server\Release\BscMake.command.1.tlog
C:\code\c-c++\distributeAgilor\server\Release\bscmake.read.1.tlog
C:\code\c-c++\distributeAgilor\server\Release\bscmake.write.1.tlog
C:\code\c-c++\distributeAgilor\server\Release\cl.command.1.tlog
C:\code\c-c++\distributeAgilor\server\Release\CL.read.1.tlog
C:\code\c-c++\distributeAgilor\server\Release\CL.write.1.tlog
C:\CODE\C-C++\DISTRIBUTEAGILOR\SERVER\RELEASE\COMFUNCS.OBJ
C:\CODE\C-C++\DISTRIBUTEAGILOR\SERVER\RELEASE\COMFUNCS.SBR
C:\CODE\C-C++\DISTRIBUTEAGILOR\SERVER\RELEASE\DATAEXCHANGEPIPE.OBJ
C:\CODE\C-C++\DISTRIBUTEAGILOR\SERVER\RELEASE\DATAEXCHANGEPIPE.SBR
C:\CODE\C-C++\DISTRIBUTEAGILOR\SERVER\RELEASE\KERNELMONITORV1.BSC
C:\CODE\C-C++\DISTRIBUTEAGILOR\SERVER\RELEASE\KERNELMONITORV1.EXE
C:\CODE\C-C++\DISTRIBUTEAGILOR\SERVER\RELEASE\KERNELMONITORV1.EXE.INTERMEDIATE.MANIFEST
C:\CODE\C-C++\DISTRIBUTEAGILOR\SERVER\RELEASE\KERNELMONITORV1.OBJ
C:\CODE\C-C++\DISTRIBUTEAGILOR\SERVER\RELEASE\KERNELMONITORV1.PCH
C:\CODE\C-C++\DISTRIBUTEAGILOR\SERVER\RELEASE\KERNELMONITORV1.RES
C:\CODE\C-C++\DISTRIBUTEAGILOR\SERVER\RELEASE\KERNELMONITORV1.SBR
C:\code\c-c++\distributeAgilor\server\Release\KernelMonitorv1.vcxprojResolveAssemblyReference.cache
C:\code\c-c++\distributeAgilor\server\Release\KernelMonitorv1.write.1.tlog
C:\CODE\C-C++\DISTRIBUTEAGILOR\SERVER\RELEASE\KERNELMONITORV1DLG.OBJ
C:\CODE\C-C++\DISTRIBUTEAGILOR\SERVER\RELEASE\KERNELMONITORV1DLG.SBR
C:\code\c-c++\distributeAgilor\server\Release\link.command.1.tlog
C:\code\c-c++\distributeAgilor\server\Release\link.read.1.tlog
C:\code\c-c++\distributeAgilor\server\Release\link.write.1.tlog
C:\code\c-c++\distributeAgilor\server\Release\link-cvtres.read.1.tlog
C:\code\c-c++\distributeAgilor\server\Release\link-cvtres.write.1.tlog
C:\CODE\C-C++\DISTRIBUTEAGILOR\SERVER\RELEASE\LISTENSOCKET.OBJ
C:\CODE\C-C++\DISTRIBUTEAGILOR\SERVER\RELEASE\LISTENSOCKET.SBR
C:\CODE\C-C++\DISTRIBUTEAGILOR\SERVER\RELEASE\MANAGEKERNELPARAMETER.OBJ
C:\CODE\C-C++\DISTRIBUTEAGILOR\SERVER\RELEASE\MANAGEKERNELPARAMETER.SBR
C:\CODE\C-C++\DISTRIBUTEAGILOR\SERVER\RELEASE\MONITORRECEIVESOCKET.OBJ
C:\CODE\C-C++\DISTRIBUTEAGILOR\SERVER\RELEASE\MONITORRECEIVESOCKET.SBR
C:\code\c-c++\distributeAgilor\server\Release\mt.command.1.tlog
C:\code\c-c++\distributeAgilor\server\Release\mt.read.1.tlog
C:\code\c-c++\distributeAgilor\server\Release\mt.write.1.tlog
C:\code\c-c++\distributeAgilor\server\Release\rc.command.1.tlog
C:\code\c-c++\distributeAgilor\server\Release\rc.read.1.tlog
C:\code\c-c++\distributeAgilor\server\Release\rc.write.1.tlog
C:\CODE\C-C++\DISTRIBUTEAGILOR\SERVER\RELEASE\STDAFX.OBJ
C:\CODE\C-C++\DISTRIBUTEAGILOR\SERVER\RELEASE\STDAFX.SBR
C:\CODE\C-C++\DISTRIBUTEAGILOR\SERVER\RELEASE\VC100.PDB
