.\Debug\KernelMonitorv1.bsc
.\Debug\KernelMonitorv1.ilk
.\Debug\KernelMonitorv1.pdb
C:\code\c-c++\distributeAgilor\server\.\Debug\KernelMonitorv1.exe
C:\code\c-c++\distributeAgilor\server\.\Debug\KernelMonitorv1.exe.intermediate.manifest
C:\CODE\C-C++\DISTRIBUTEAGILOR\SERVER\DEBUG\BASEGETVALUEENTITY.OBJ
C:\CODE\C-C++\DISTRIBUTEAGILOR\SERVER\DEBUG\BASEGETVALUEENTITY.SBR
C:\CODE\C-C++\DISTRIBUTEAGILOR\SERVER\DEBUG\BASEOBJECT.OBJ
C:\CODE\C-C++\DISTRIBUTEAGILOR\SERVER\DEBUG\BASEOBJECT.SBR
C:\CODE\C-C++\DISTRIBUTEAGILOR\SERVER\DEBUG\BASESOCKET.OBJ
C:\CODE\C-C++\DISTRIBUTEAGILOR\SERVER\DEBUG\BASESOCKET.SBR
C:\CODE\C-C++\DISTRIBUTEAGILOR\SERVER\DEBUG\BASESOCKETRECEIVETHREAD.OBJ
C:\CODE\C-C++\DISTRIBUTEAGILOR\SERVER\DEBUG\BASESOCKETRECEIVETHREAD.SBR
C:\CODE\C-C++\DISTRIBUTEAGILOR\SERVER\DEBUG\BASESOCKETSENDTHREAD.OBJ
C:\CODE\C-C++\DISTRIBUTEAGILOR\SERVER\DEBUG\BASESOCKETSENDTHREAD.SBR
C:\CODE\C-C++\DISTRIBUTEAGILOR\SERVER\DEBUG\BASETHREAD.OBJ
C:\CODE\C-C++\DISTRIBUTEAGILOR\SERVER\DEBUG\BASETHREAD.SBR
C:\CODE\C-C++\DISTRIBUTEAGILOR\SERVER\DEBUG\BASETYPE.OBJ
C:\CODE\C-C++\DISTRIBUTEAGILOR\SERVER\DEBUG\BASETYPE.SBR
C:\code\c-c++\distributeAgilor\server\Debug\BscMake.command.1.tlog
C:\code\c-c++\distributeAgilor\server\Debug\bscmake.read.1.tlog
C:\code\c-c++\distributeAgilor\server\Debug\bscmake.write.1.tlog
C:\code\c-c++\distributeAgilor\server\Debug\cl.command.1.tlog
C:\code\c-c++\distributeAgilor\server\Debug\CL.read.1.tlog
C:\code\c-c++\distributeAgilor\server\Debug\CL.write.1.tlog
C:\CODE\C-C++\DISTRIBUTEAGILOR\SERVER\DEBUG\COMFUNCS.OBJ
C:\CODE\C-C++\DISTRIBUTEAGILOR\SERVER\DEBUG\COMFUNCS.SBR
C:\CODE\C-C++\DISTRIBUTEAGILOR\SERVER\DEBUG\DATAEXCHANGEPIPE.OBJ
C:\CODE\C-C++\DISTRIBUTEAGILOR\SERVER\DEBUG\DATAEXCHANGEPIPE.SBR
C:\CODE\C-C++\DISTRIBUTEAGILOR\SERVER\DEBUG\KERNELMONITORV1.BSC
C:\CODE\C-C++\DISTRIBUTEAGILOR\SERVER\DEBUG\KERNELMONITORV1.EXE
C:\CODE\C-C++\DISTRIBUTEAGILOR\SERVER\DEBUG\KERNELMONITORV1.EXE.EMBED.MANIFEST
C:\CODE\C-C++\DISTRIBUTEAGILOR\SERVER\DEBUG\KERNELMONITORV1.EXE.EMBED.MANIFEST.RES
C:\CODE\C-C++\DISTRIBUTEAGILOR\SERVER\DEBUG\KERNELMONITORV1.EXE.INTERMEDIATE.MANIFEST
C:\CODE\C-C++\DISTRIBUTEAGILOR\SERVER\DEBUG\KERNELMONITORV1.ILK
C:\CODE\C-C++\DISTRIBUTEAGILOR\SERVER\DEBUG\KERNELMONITORV1.OBJ
C:\CODE\C-C++\DISTRIBUTEAGILOR\SERVER\DEBUG\KERNELMONITORV1.PCH
C:\CODE\C-C++\DISTRIBUTEAGILOR\SERVER\DEBUG\KERNELMONITORV1.PDB
C:\CODE\C-C++\DISTRIBUTEAGILOR\SERVER\DEBUG\KERNELMONITORV1.RES
C:\CODE\C-C++\DISTRIBUTEAGILOR\SERVER\DEBUG\KERNELMONITORV1.SBR
C:\code\c-c++\distributeAgilor\server\Debug\KernelMonitorv1.vcxprojResolveAssemblyReference.cache
C:\code\c-c++\distributeAgilor\server\Debug\KernelMonitorv1.write.1.tlog
C:\code\c-c++\distributeAgilor\server\Debug\KernelMonitorv1_manifest.rc
C:\CODE\C-C++\DISTRIBUTEAGILOR\SERVER\DEBUG\KERNELMONITORV1DLG.OBJ
C:\CODE\C-C++\DISTRIBUTEAGILOR\SERVER\DEBUG\KERNELMONITORV1DLG.SBR
C:\code\c-c++\distributeAgilor\server\Debug\link.command.1.tlog
C:\code\c-c++\distributeAgilor\server\Debug\link.read.1.tlog
C:\code\c-c++\distributeAgilor\server\Debug\link.write.1.tlog
C:\code\c-c++\distributeAgilor\server\Debug\link-cvtres.read.1.tlog
C:\code\c-c++\distributeAgilor\server\Debug\link-cvtres.write.1.tlog
C:\CODE\C-C++\DISTRIBUTEAGILOR\SERVER\DEBUG\LISTENSOCKET.OBJ
C:\CODE\C-C++\DISTRIBUTEAGILOR\SERVER\DEBUG\LISTENSOCKET.SBR
C:\CODE\C-C++\DISTRIBUTEAGILOR\SERVER\DEBUG\MANAGEKERNELPARAMETER.OBJ
C:\CODE\C-C++\DISTRIBUTEAGILOR\SERVER\DEBUG\MANAGEKERNELPARAMETER.SBR
C:\CODE\C-C++\DISTRIBUTEAGILOR\SERVER\DEBUG\MONITORRECEIVESOCKET.OBJ
C:\CODE\C-C++\DISTRIBUTEAGILOR\SERVER\DEBUG\MONITORRECEIVESOCKET.SBR
C:\code\c-c++\distributeAgilor\server\Debug\mt.command.1.tlog
C:\code\c-c++\distributeAgilor\server\Debug\mt.read.1.tlog
C:\code\c-c++\distributeAgilor\server\Debug\mt.write.1.tlog
C:\code\c-c++\distributeAgilor\server\Debug\rc.command.1.tlog
C:\code\c-c++\distributeAgilor\server\Debug\rc.read.1.tlog
C:\code\c-c++\distributeAgilor\server\Debug\rc.write.1.tlog
C:\CODE\C-C++\DISTRIBUTEAGILOR\SERVER\DEBUG\STDAFX.OBJ
C:\CODE\C-C++\DISTRIBUTEAGILOR\SERVER\DEBUG\STDAFX.SBR
C:\code\c-c++\distributeAgilor\server\Debug\vc100.idb
C:\CODE\C-C++\DISTRIBUTEAGILOR\SERVER\DEBUG\VC100.PDB
